2015-06-15 20:38:39.168 [Worker-4] DEBUG AgentProvider - setInitializationData. isBeta false; location jrebel/
2015-06-15 20:38:39.168 [Worker-4] DEBUG AgentProvider - setInitializationData. isBeta true; location jr6/jrebel/
2015-06-15 20:38:39.168 [Worker-4] DEBUG HttpNotifications - Starting JRebel Notification server on port 0
2015-06-15 20:38:39.230 [Worker-4] DEBUG HttpNotifications - Listening to JRebel notifications at http://127.0.0.1:53146/jrebel/notifications
2015-06-15 20:38:39.246 [Worker-4] DEBUG EclipseJRebelClientAdapter - Getting license via CLI
2015-06-15 20:38:39.246 [Worker-4] DEBUG o.z.exec.ProcessExecutor - Executing [D:\devsbb\jdk\jdk1.7_32\jre\bin\java.exe, -Drebel.log=false, -Drebel.log.stdout=false, -Drebel.env.ide=Eclipse, -Drebel.properties=C:\Users\u211732\.jrebel\jrebel.properties, -Drebel.license_server.legacy=false, -cp, D:\devsbb\apps\eclipse\eclipse-luna-win32\plugins\org.zeroturnaround.eclipse.embedder_5.6.1.SR1-201408121523\jrebel\jrebel.jar, com.zeroturnaround.javarebel.CLILicensingAPIImpl, getCurrentLicense, , ]...
2015-06-15 20:38:39.246 [Worker-4] DEBUG o.z.exec.ProcessExecutor - Started java.lang.ProcessImpl@1b202ba
2015-06-15 20:38:39.417 [Worker-4] DEBUG o.z.exec.WaitForProcess - java.lang.ProcessImpl@1b202ba stopped with exit code 0
2015-06-15 20:38:39.433 [Worker-4] DEBUG EclipseJRebelClientAdapter - Getting license via CLI
2015-06-15 20:38:39.433 [Thread-31] DEBUG o.z.exec.ProcessExecutor - Executing [D:\devsbb\jdk\jdk1.7_32\jre\bin\java.exe, -Drebel.log=false, -Drebel.log.stdout=false, -Drebel.env.ide=Eclipse, -Drebel.properties=C:\Users\u211732\.jrebel\jrebel.properties, -Drebel.license_server.legacy=false, -cp, D:\devsbb\apps\eclipse\eclipse-luna-win32\plugins\org.zeroturnaround.eclipse.embedder_5.6.1.SR1-201408121523\jrebel\jrebel.jar, com.zeroturnaround.javarebel.CLILicensingAPIImpl, getCurrentLicense, , ]...
2015-06-15 20:38:39.433 [Thread-31] DEBUG o.z.exec.ProcessExecutor - Started java.lang.ProcessImpl@57a15b
2015-06-15 20:38:39.745 [Thread-31] DEBUG o.z.exec.WaitForProcess - java.lang.ProcessImpl@57a15b stopped with exit code 0
2015-06-15 20:48:59.429 [Worker-0] DEBUG RebelArgsFixingLaunchListener - ILaunchConfiguration parameters for StringAssertionExamples
2015-06-15 20:48:59.429 [Worker-0] DEBUG RebelArgsFixingLaunchListener - 
entry: org.eclipse.debug.core.MAPPED_RESOURCE_PATHS=[/hamcrest_vs_assertj/src/test/java/ch/rwi/hamcrest_vs_assertj/StringAssertionExamples.java]
entry: org.eclipse.debug.core.MAPPED_RESOURCE_TYPES=[1]
entry: org.eclipse.jdt.junit.CONTAINER=
entry: org.eclipse.jdt.junit.KEEPRUNNING_ATTR=false
entry: org.eclipse.jdt.junit.TEST_KIND=org.eclipse.jdt.junit.loader.junit4
entry: org.eclipse.jdt.launching.CLASSPATH_PROVIDER=org.eclipse.m2e.launchconfig.classpathProvider
entry: org.eclipse.jdt.launching.MAIN_TYPE=ch.rwi.hamcrest_vs_assertj.StringAssertionExamples
entry: org.eclipse.jdt.launching.PROJECT_ATTR=hamcrest_vs_assertj
entry: org.eclipse.jdt.launching.SOURCE_PATH_PROVIDER=org.eclipse.m2e.launchconfig.sourcepathProvider
entry: org.eclipse.jdt.launching.VM_ARGUMENTS=
2015-06-15 20:52:07.706 [Worker-4] DEBUG RebelArgsFixingLaunchListener - ILaunchConfiguration parameters for StringAssertionExamples.testStringsAreEqual
2015-06-15 20:52:07.706 [Worker-4] DEBUG RebelArgsFixingLaunchListener - 
entry: org.eclipse.debug.core.MAPPED_RESOURCE_PATHS=[/hamcrest_vs_assertj/src/test/java/ch/rwi/hamcrest_vs_assertj/StringAssertionExamples.java]
entry: org.eclipse.debug.core.MAPPED_RESOURCE_TYPES=[1]
entry: org.eclipse.jdt.junit.CONTAINER=
entry: org.eclipse.jdt.junit.KEEPRUNNING_ATTR=false
entry: org.eclipse.jdt.junit.TESTNAME=testStringsAreEqual
entry: org.eclipse.jdt.junit.TEST_KIND=org.eclipse.jdt.junit.loader.junit4
entry: org.eclipse.jdt.launching.CLASSPATH_PROVIDER=org.eclipse.m2e.launchconfig.classpathProvider
entry: org.eclipse.jdt.launching.MAIN_TYPE=ch.rwi.hamcrest_vs_assertj.StringAssertionExamples
entry: org.eclipse.jdt.launching.PROJECT_ATTR=hamcrest_vs_assertj
entry: org.eclipse.jdt.launching.SOURCE_PATH_PROVIDER=org.eclipse.m2e.launchconfig.sourcepathProvider
entry: org.eclipse.jdt.launching.VM_ARGUMENTS=
2015-06-15 21:05:39.838 [Worker-4] DEBUG RebelArgsFixingLaunchListener - ILaunchConfiguration parameters for StringAssertionExamples
2015-06-15 21:05:39.838 [Worker-4] DEBUG RebelArgsFixingLaunchListener - 
entry: org.eclipse.debug.core.MAPPED_RESOURCE_PATHS=[/hamcrest_vs_assertj/src/test/java/ch/rwi/hamcrest_vs_assertj/StringAssertionExamples.java]
entry: org.eclipse.debug.core.MAPPED_RESOURCE_TYPES=[1]
entry: org.eclipse.jdt.junit.CONTAINER=
entry: org.eclipse.jdt.junit.KEEPRUNNING_ATTR=false
entry: org.eclipse.jdt.junit.TEST_KIND=org.eclipse.jdt.junit.loader.junit4
entry: org.eclipse.jdt.launching.CLASSPATH_PROVIDER=org.eclipse.m2e.launchconfig.classpathProvider
entry: org.eclipse.jdt.launching.MAIN_TYPE=ch.rwi.hamcrest_vs_assertj.StringAssertionExamples
entry: org.eclipse.jdt.launching.PROJECT_ATTR=hamcrest_vs_assertj
entry: org.eclipse.jdt.launching.SOURCE_PATH_PROVIDER=org.eclipse.m2e.launchconfig.sourcepathProvider
entry: org.eclipse.jdt.launching.VM_ARGUMENTS=
2015-06-15 21:06:14.905 [Worker-5] DEBUG RebelArgsFixingLaunchListener - ILaunchConfiguration parameters for StringAssertionExamples.testStrings_JUnit
2015-06-15 21:06:14.905 [Worker-5] DEBUG RebelArgsFixingLaunchListener - 
entry: org.eclipse.debug.core.MAPPED_RESOURCE_PATHS=[/hamcrest_vs_assertj/src/test/java/ch/rwi/hamcrest_vs_assertj/StringAssertionExamples.java]
entry: org.eclipse.debug.core.MAPPED_RESOURCE_TYPES=[1]
entry: org.eclipse.jdt.junit.CONTAINER=
entry: org.eclipse.jdt.junit.KEEPRUNNING_ATTR=false
entry: org.eclipse.jdt.junit.TESTNAME=testStrings_JUnit
entry: org.eclipse.jdt.junit.TEST_KIND=org.eclipse.jdt.junit.loader.junit4
entry: org.eclipse.jdt.launching.CLASSPATH_PROVIDER=org.eclipse.m2e.launchconfig.classpathProvider
entry: org.eclipse.jdt.launching.MAIN_TYPE=ch.rwi.hamcrest_vs_assertj.StringAssertionExamples
entry: org.eclipse.jdt.launching.PROJECT_ATTR=hamcrest_vs_assertj
entry: org.eclipse.jdt.launching.SOURCE_PATH_PROVIDER=org.eclipse.m2e.launchconfig.sourcepathProvider
entry: org.eclipse.jdt.launching.VM_ARGUMENTS=
2015-06-15 21:07:14.787 [Worker-5] DEBUG RebelArgsFixingLaunchListener - ILaunchConfiguration parameters for StringAssertionExamples
2015-06-15 21:07:14.787 [Worker-5] DEBUG RebelArgsFixingLaunchListener - 
entry: org.eclipse.debug.core.MAPPED_RESOURCE_PATHS=[/hamcrest_vs_assertj/src/test/java/ch/rwi/hamcrest_vs_assertj/StringAssertionExamples.java]
entry: org.eclipse.debug.core.MAPPED_RESOURCE_TYPES=[1]
entry: org.eclipse.jdt.junit.CONTAINER=
entry: org.eclipse.jdt.junit.KEEPRUNNING_ATTR=false
entry: org.eclipse.jdt.junit.TEST_KIND=org.eclipse.jdt.junit.loader.junit4
entry: org.eclipse.jdt.launching.CLASSPATH_PROVIDER=org.eclipse.m2e.launchconfig.classpathProvider
entry: org.eclipse.jdt.launching.MAIN_TYPE=ch.rwi.hamcrest_vs_assertj.StringAssertionExamples
entry: org.eclipse.jdt.launching.PROJECT_ATTR=hamcrest_vs_assertj
entry: org.eclipse.jdt.launching.SOURCE_PATH_PROVIDER=org.eclipse.m2e.launchconfig.sourcepathProvider
entry: org.eclipse.jdt.launching.VM_ARGUMENTS=
2015-06-15 21:34:18.896 [Worker-13] DEBUG RebelArgsFixingLaunchListener - ILaunchConfiguration parameters for StringAssertionExamples
2015-06-15 21:34:18.896 [Worker-13] DEBUG RebelArgsFixingLaunchListener - 
entry: org.eclipse.debug.core.MAPPED_RESOURCE_PATHS=[/hamcrest_vs_assertj/src/test/java/ch/rwi/hamcrest_vs_assertj/StringAssertionExamples.java]
entry: org.eclipse.debug.core.MAPPED_RESOURCE_TYPES=[1]
entry: org.eclipse.jdt.junit.CONTAINER=
entry: org.eclipse.jdt.junit.KEEPRUNNING_ATTR=false
entry: org.eclipse.jdt.junit.TEST_KIND=org.eclipse.jdt.junit.loader.junit4
entry: org.eclipse.jdt.launching.CLASSPATH_PROVIDER=org.eclipse.m2e.launchconfig.classpathProvider
entry: org.eclipse.jdt.launching.MAIN_TYPE=ch.rwi.hamcrest_vs_assertj.StringAssertionExamples
entry: org.eclipse.jdt.launching.PROJECT_ATTR=hamcrest_vs_assertj
entry: org.eclipse.jdt.launching.SOURCE_PATH_PROVIDER=org.eclipse.m2e.launchconfig.sourcepathProvider
entry: org.eclipse.jdt.launching.VM_ARGUMENTS=
2015-06-15 21:34:42.252 [Worker-7] DEBUG RebelArgsFixingLaunchListener - ILaunchConfiguration parameters for StringAssertionExamples.testStrings_Hamcrest
2015-06-15 21:34:42.252 [Worker-7] DEBUG RebelArgsFixingLaunchListener - 
entry: org.eclipse.debug.core.MAPPED_RESOURCE_PATHS=[/hamcrest_vs_assertj/src/test/java/ch/rwi/hamcrest_vs_assertj/StringAssertionExamples.java]
entry: org.eclipse.debug.core.MAPPED_RESOURCE_TYPES=[1]
entry: org.eclipse.jdt.junit.CONTAINER=
entry: org.eclipse.jdt.junit.KEEPRUNNING_ATTR=false
entry: org.eclipse.jdt.junit.TESTNAME=testStrings_Hamcrest
entry: org.eclipse.jdt.junit.TEST_KIND=org.eclipse.jdt.junit.loader.junit4
entry: org.eclipse.jdt.launching.CLASSPATH_PROVIDER=org.eclipse.m2e.launchconfig.classpathProvider
entry: org.eclipse.jdt.launching.MAIN_TYPE=ch.rwi.hamcrest_vs_assertj.StringAssertionExamples
entry: org.eclipse.jdt.launching.PROJECT_ATTR=hamcrest_vs_assertj
entry: org.eclipse.jdt.launching.SOURCE_PATH_PROVIDER=org.eclipse.m2e.launchconfig.sourcepathProvider
entry: org.eclipse.jdt.launching.VM_ARGUMENTS=
2015-06-15 21:35:53.869 [Worker-5] DEBUG RebelArgsFixingLaunchListener - ILaunchConfiguration parameters for StringAssertionExamples
2015-06-15 21:35:53.869 [Worker-5] DEBUG RebelArgsFixingLaunchListener - 
entry: org.eclipse.debug.core.MAPPED_RESOURCE_PATHS=[/hamcrest_vs_assertj/src/test/java/ch/rwi/hamcrest_vs_assertj/StringAssertionExamples.java]
entry: org.eclipse.debug.core.MAPPED_RESOURCE_TYPES=[1]
entry: org.eclipse.jdt.junit.CONTAINER=
entry: org.eclipse.jdt.junit.KEEPRUNNING_ATTR=false
entry: org.eclipse.jdt.junit.TEST_KIND=org.eclipse.jdt.junit.loader.junit4
entry: org.eclipse.jdt.launching.CLASSPATH_PROVIDER=org.eclipse.m2e.launchconfig.classpathProvider
entry: org.eclipse.jdt.launching.MAIN_TYPE=ch.rwi.hamcrest_vs_assertj.StringAssertionExamples
entry: org.eclipse.jdt.launching.PROJECT_ATTR=hamcrest_vs_assertj
entry: org.eclipse.jdt.launching.SOURCE_PATH_PROVIDER=org.eclipse.m2e.launchconfig.sourcepathProvider
entry: org.eclipse.jdt.launching.VM_ARGUMENTS=
2015-06-15 21:39:56.273 [Worker-2] DEBUG RebelArgsFixingLaunchListener - ILaunchConfiguration parameters for StringAssertionExamples
2015-06-15 21:39:56.273 [Worker-2] DEBUG RebelArgsFixingLaunchListener - 
entry: org.eclipse.debug.core.MAPPED_RESOURCE_PATHS=[/hamcrest_vs_assertj/src/test/java/ch/rwi/hamcrest_vs_assertj/StringAssertionExamples.java]
entry: org.eclipse.debug.core.MAPPED_RESOURCE_TYPES=[1]
entry: org.eclipse.jdt.junit.CONTAINER=
entry: org.eclipse.jdt.junit.KEEPRUNNING_ATTR=false
entry: org.eclipse.jdt.junit.TEST_KIND=org.eclipse.jdt.junit.loader.junit4
entry: org.eclipse.jdt.launching.CLASSPATH_PROVIDER=org.eclipse.m2e.launchconfig.classpathProvider
entry: org.eclipse.jdt.launching.MAIN_TYPE=ch.rwi.hamcrest_vs_assertj.StringAssertionExamples
entry: org.eclipse.jdt.launching.PROJECT_ATTR=hamcrest_vs_assertj
entry: org.eclipse.jdt.launching.SOURCE_PATH_PROVIDER=org.eclipse.m2e.launchconfig.sourcepathProvider
entry: org.eclipse.jdt.launching.VM_ARGUMENTS=
2015-06-15 21:40:16.925 [Worker-14] DEBUG RebelArgsFixingLaunchListener - ILaunchConfiguration parameters for StringAssertionExamples
2015-06-15 21:40:16.925 [Worker-14] DEBUG RebelArgsFixingLaunchListener - 
entry: org.eclipse.debug.core.MAPPED_RESOURCE_PATHS=[/hamcrest_vs_assertj/src/test/java/ch/rwi/hamcrest_vs_assertj/StringAssertionExamples.java]
entry: org.eclipse.debug.core.MAPPED_RESOURCE_TYPES=[1]
entry: org.eclipse.jdt.junit.CONTAINER=
entry: org.eclipse.jdt.junit.KEEPRUNNING_ATTR=false
entry: org.eclipse.jdt.junit.TEST_KIND=org.eclipse.jdt.junit.loader.junit4
entry: org.eclipse.jdt.launching.CLASSPATH_PROVIDER=org.eclipse.m2e.launchconfig.classpathProvider
entry: org.eclipse.jdt.launching.MAIN_TYPE=ch.rwi.hamcrest_vs_assertj.StringAssertionExamples
entry: org.eclipse.jdt.launching.PROJECT_ATTR=hamcrest_vs_assertj
entry: org.eclipse.jdt.launching.SOURCE_PATH_PROVIDER=org.eclipse.m2e.launchconfig.sourcepathProvider
entry: org.eclipse.jdt.launching.VM_ARGUMENTS=
2015-06-15 21:41:38.271 [Worker-1] DEBUG RebelArgsFixingLaunchListener - ILaunchConfiguration parameters for Rerun ch.rwi.hamcrest_vs_assertj.StringAssertionExamples
2015-06-15 21:41:38.271 [Worker-1] DEBUG RebelArgsFixingLaunchListener - 
entry: org.eclipse.debug.core.MAPPED_RESOURCE_PATHS=[/hamcrest_vs_assertj/src/test/java/ch/rwi/hamcrest_vs_assertj/StringAssertionExamples.java]
entry: org.eclipse.debug.core.MAPPED_RESOURCE_TYPES=[1]
entry: org.eclipse.jdt.junit.CONTAINER=
entry: org.eclipse.jdt.junit.KEEPRUNNING_ATTR=false
entry: org.eclipse.jdt.junit.TEST_KIND=org.eclipse.jdt.junit.loader.junit4
entry: org.eclipse.jdt.launching.CLASSPATH_PROVIDER=org.eclipse.m2e.launchconfig.classpathProvider
entry: org.eclipse.jdt.launching.MAIN_TYPE=ch.rwi.hamcrest_vs_assertj.StringAssertionExamples
entry: org.eclipse.jdt.launching.PROJECT_ATTR=hamcrest_vs_assertj
entry: org.eclipse.jdt.launching.SOURCE_PATH_PROVIDER=org.eclipse.m2e.launchconfig.sourcepathProvider
entry: org.eclipse.jdt.launching.VM_ARGUMENTS=
2015-06-15 21:41:58.228 [Worker-15] DEBUG RebelArgsFixingLaunchListener - ILaunchConfiguration parameters for Rerun ch.rwi.hamcrest_vs_assertj.StringAssertionExamples
2015-06-15 21:41:58.228 [Worker-15] DEBUG RebelArgsFixingLaunchListener - 
entry: org.eclipse.debug.core.MAPPED_RESOURCE_PATHS=[/hamcrest_vs_assertj/src/test/java/ch/rwi/hamcrest_vs_assertj/StringAssertionExamples.java]
entry: org.eclipse.debug.core.MAPPED_RESOURCE_TYPES=[1]
entry: org.eclipse.jdt.junit.CONTAINER=
entry: org.eclipse.jdt.junit.KEEPRUNNING_ATTR=false
entry: org.eclipse.jdt.junit.TEST_KIND=org.eclipse.jdt.junit.loader.junit4
entry: org.eclipse.jdt.launching.CLASSPATH_PROVIDER=org.eclipse.m2e.launchconfig.classpathProvider
entry: org.eclipse.jdt.launching.MAIN_TYPE=ch.rwi.hamcrest_vs_assertj.StringAssertionExamples
entry: org.eclipse.jdt.launching.PROJECT_ATTR=hamcrest_vs_assertj
entry: org.eclipse.jdt.launching.SOURCE_PATH_PROVIDER=org.eclipse.m2e.launchconfig.sourcepathProvider
entry: org.eclipse.jdt.launching.VM_ARGUMENTS=
2015-06-15 21:42:20.383 [Worker-5] DEBUG RebelArgsFixingLaunchListener - ILaunchConfiguration parameters for hamcrest_vs_assertj
2015-06-15 21:42:20.384 [Worker-5] DEBUG RebelArgsFixingLaunchListener - 
entry: M2_DEBUG_OUTPUT=false
entry: M2_GOALS=clean install
entry: M2_NON_RECURSIVE=false
entry: M2_OFFLINE=false
entry: M2_PROFILES=
entry: M2_PROPERTIES=[]
entry: M2_RUNTIME=D:\devsbb\apps\mvn\apache-maven-3.0.4
entry: M2_SKIP_TESTS=false
entry: M2_THREADS=1
entry: M2_UPDATE_SNAPSHOTS=false
entry: M2_USER_SETTINGS=
entry: M2_WORKSPACE_RESOLUTION=false
entry: org.eclipse.jdt.launching.WORKING_DIRECTORY=D:/devsbb/workspaces/hamcrest-vs-assertj/hamcrest_vs_assertj
2015-06-15 21:42:48.559 [Worker-8] DEBUG RebelArgsFixingLaunchListener - ILaunchConfiguration parameters for hamcrest_vs_assertj
2015-06-15 21:42:48.560 [Worker-8] DEBUG RebelArgsFixingLaunchListener - 
entry: M2_DEBUG_OUTPUT=false
entry: M2_GOALS=clean install
entry: M2_NON_RECURSIVE=false
entry: M2_OFFLINE=false
entry: M2_PROFILES=
entry: M2_PROPERTIES=[]
entry: M2_RUNTIME=D:\devsbb\apps\mvn\apache-maven-3.0.4
entry: M2_SKIP_TESTS=false
entry: M2_THREADS=1
entry: M2_UPDATE_SNAPSHOTS=false
entry: M2_USER_SETTINGS=
entry: M2_WORKSPACE_RESOLUTION=false
entry: org.eclipse.jdt.launching.WORKING_DIRECTORY=D:/devsbb/workspaces/hamcrest-vs-assertj/hamcrest_vs_assertj
2015-06-15 21:43:01.399 [Worker-12] DEBUG RebelArgsFixingLaunchListener - ILaunchConfiguration parameters for hamcrest_vs_assertj (waiting for build...)
2015-06-15 21:43:01.399 [Worker-12] DEBUG RebelArgsFixingLaunchListener - 
entry: M2_DEBUG_OUTPUT=false
entry: M2_GOALS=clean install
entry: M2_NON_RECURSIVE=false
entry: M2_OFFLINE=false
entry: M2_PROFILES=
entry: M2_PROPERTIES=[]
entry: M2_RUNTIME=D:\devsbb\apps\mvn\apache-maven-3.0.4
entry: M2_SKIP_TESTS=false
entry: M2_THREADS=1
entry: M2_UPDATE_SNAPSHOTS=false
entry: M2_USER_SETTINGS=
entry: M2_WORKSPACE_RESOLUTION=false
entry: org.eclipse.debug.uilaunching_config_handle=<?xml version="1.0" encoding="UTF-8" standalone="no"?>
<launchConfiguration local="true" path="hamcrest_vs_assertj"/>

entry: org.eclipse.jdt.launching.WORKING_DIRECTORY=D:/devsbb/workspaces/hamcrest-vs-assertj/hamcrest_vs_assertj
2015-06-15 21:43:01.501 [Worker-12] DEBUG RebelArgsFixingLaunchListener - ILaunchConfiguration parameters for hamcrest_vs_assertj
2015-06-15 21:43:01.501 [Worker-12] DEBUG RebelArgsFixingLaunchListener - 
entry: M2_DEBUG_OUTPUT=false
entry: M2_GOALS=clean install
entry: M2_NON_RECURSIVE=false
entry: M2_OFFLINE=false
entry: M2_PROFILES=
entry: M2_PROPERTIES=[]
entry: M2_RUNTIME=D:\devsbb\apps\mvn\apache-maven-3.0.4
entry: M2_SKIP_TESTS=false
entry: M2_THREADS=1
entry: M2_UPDATE_SNAPSHOTS=false
entry: M2_USER_SETTINGS=
entry: M2_WORKSPACE_RESOLUTION=false
entry: org.eclipse.jdt.launching.WORKING_DIRECTORY=D:/devsbb/workspaces/hamcrest-vs-assertj/hamcrest_vs_assertj
2015-06-15 21:43:40.302 [Worker-13] DEBUG RebelArgsFixingLaunchListener - ILaunchConfiguration parameters for hamcrest_vs_assertj
2015-06-15 21:43:40.302 [Worker-13] DEBUG RebelArgsFixingLaunchListener - 
entry: M2_DEBUG_OUTPUT=false
entry: M2_GOALS=clean install
entry: M2_NON_RECURSIVE=false
entry: M2_OFFLINE=false
entry: M2_PROFILES=
entry: M2_PROPERTIES=[]
entry: M2_RUNTIME=D:\devsbb\apps\mvn\apache-maven-3.0.4
entry: M2_SKIP_TESTS=false
entry: M2_THREADS=1
entry: M2_UPDATE_SNAPSHOTS=false
entry: M2_USER_SETTINGS=
entry: M2_WORKSPACE_RESOLUTION=false
entry: org.eclipse.jdt.launching.WORKING_DIRECTORY=D:/devsbb/workspaces/hamcrest-vs-assertj/hamcrest_vs_assertj
2015-06-15 21:44:23.329 [Worker-8] DEBUG RebelArgsFixingLaunchListener - ILaunchConfiguration parameters for hamcrest_vs_assertj
2015-06-15 21:44:23.329 [Worker-8] DEBUG RebelArgsFixingLaunchListener - 
entry: M2_DEBUG_OUTPUT=false
entry: M2_GOALS=clean install
entry: M2_NON_RECURSIVE=false
entry: M2_OFFLINE=false
entry: M2_PROFILES=
entry: M2_PROPERTIES=[]
entry: M2_RUNTIME=D:\devsbb\apps\mvn\apache-maven-3.0.4
entry: M2_SKIP_TESTS=false
entry: M2_THREADS=1
entry: M2_UPDATE_SNAPSHOTS=false
entry: M2_USER_SETTINGS=
entry: M2_WORKSPACE_RESOLUTION=false
entry: org.eclipse.jdt.launching.WORKING_DIRECTORY=D:/devsbb/workspaces/hamcrest-vs-assertj/hamcrest_vs_assertj
2015-06-15 21:45:13.093 [Worker-15] DEBUG RebelArgsFixingLaunchListener - ILaunchConfiguration parameters for hamcrest_vs_assertj
2015-06-15 21:45:13.094 [Worker-15] DEBUG RebelArgsFixingLaunchListener - 
entry: M2_DEBUG_OUTPUT=false
entry: M2_GOALS=clean install
entry: M2_NON_RECURSIVE=false
entry: M2_OFFLINE=false
entry: M2_PROFILES=
entry: M2_PROPERTIES=[]
entry: M2_RUNTIME=D:\devsbb\apps\mvn\apache-maven-3.0.4
entry: M2_SKIP_TESTS=false
entry: M2_THREADS=1
entry: M2_UPDATE_SNAPSHOTS=false
entry: M2_USER_SETTINGS=
entry: M2_WORKSPACE_RESOLUTION=false
entry: org.eclipse.jdt.launching.WORKING_DIRECTORY=D:/devsbb/workspaces/hamcrest-vs-assertj/hamcrest_vs_assertj
2015-06-15 21:46:10.367 [Worker-1] DEBUG RebelArgsFixingLaunchListener - ILaunchConfiguration parameters for hamcrest_vs_assertj
2015-06-15 21:46:10.367 [Worker-1] DEBUG RebelArgsFixingLaunchListener - 
entry: M2_DEBUG_OUTPUT=false
entry: M2_GOALS=clean install
entry: M2_NON_RECURSIVE=false
entry: M2_OFFLINE=false
entry: M2_PROFILES=
entry: M2_PROPERTIES=[]
entry: M2_RUNTIME=D:\devsbb\apps\mvn\apache-maven-3.0.4
entry: M2_SKIP_TESTS=false
entry: M2_THREADS=1
entry: M2_UPDATE_SNAPSHOTS=false
entry: M2_USER_SETTINGS=
entry: M2_WORKSPACE_RESOLUTION=false
entry: org.eclipse.jdt.launching.WORKING_DIRECTORY=D:/devsbb/workspaces/hamcrest-vs-assertj/hamcrest_vs_assertj
2015-06-15 21:50:09.907 [Worker-12] DEBUG RebelArgsFixingLaunchListener - ILaunchConfiguration parameters for StringAssertionExamples
2015-06-15 21:50:09.907 [Worker-12] DEBUG RebelArgsFixingLaunchListener - 
entry: org.eclipse.debug.core.MAPPED_RESOURCE_PATHS=[/hamcrest_vs_assertj/src/test/java/ch/rwi/hamcrest_vs_assertj/StringAssertionExamples.java]
entry: org.eclipse.debug.core.MAPPED_RESOURCE_TYPES=[1]
entry: org.eclipse.jdt.junit.CONTAINER=
entry: org.eclipse.jdt.junit.KEEPRUNNING_ATTR=false
entry: org.eclipse.jdt.junit.TEST_KIND=org.eclipse.jdt.junit.loader.junit4
entry: org.eclipse.jdt.launching.CLASSPATH_PROVIDER=org.eclipse.m2e.launchconfig.classpathProvider
entry: org.eclipse.jdt.launching.MAIN_TYPE=ch.rwi.hamcrest_vs_assertj.StringAssertionExamples
entry: org.eclipse.jdt.launching.PROJECT_ATTR=hamcrest_vs_assertj
entry: org.eclipse.jdt.launching.SOURCE_PATH_PROVIDER=org.eclipse.m2e.launchconfig.sourcepathProvider
entry: org.eclipse.jdt.launching.VM_ARGUMENTS=
2015-06-15 21:50:21.485 [Worker-15] DEBUG RebelArgsFixingLaunchListener - ILaunchConfiguration parameters for hamcrest_vs_assertj
2015-06-15 21:50:21.485 [Worker-15] DEBUG RebelArgsFixingLaunchListener - 
entry: M2_DEBUG_OUTPUT=false
entry: M2_GOALS=clean install
entry: M2_NON_RECURSIVE=false
entry: M2_OFFLINE=false
entry: M2_PROFILES=
entry: M2_PROPERTIES=[]
entry: M2_RUNTIME=D:\devsbb\apps\mvn\apache-maven-3.0.4
entry: M2_SKIP_TESTS=false
entry: M2_THREADS=1
entry: M2_UPDATE_SNAPSHOTS=false
entry: M2_USER_SETTINGS=
entry: M2_WORKSPACE_RESOLUTION=false
entry: org.eclipse.jdt.launching.WORKING_DIRECTORY=D:/devsbb/workspaces/hamcrest-vs-assertj/hamcrest_vs_assertj
2015-06-15 21:50:45.547 [Worker-12] DEBUG RebelArgsFixingLaunchListener - ILaunchConfiguration parameters for hamcrest_vs_assertj
2015-06-15 21:50:45.547 [Worker-12] DEBUG RebelArgsFixingLaunchListener - 
entry: M2_DEBUG_OUTPUT=false
entry: M2_GOALS=clean install
entry: M2_NON_RECURSIVE=false
entry: M2_OFFLINE=false
entry: M2_PROFILES=
entry: M2_PROPERTIES=[]
entry: M2_RUNTIME=D:\devsbb\apps\mvn\apache-maven-3.0.4
entry: M2_SKIP_TESTS=false
entry: M2_THREADS=1
entry: M2_UPDATE_SNAPSHOTS=false
entry: M2_USER_SETTINGS=
entry: M2_WORKSPACE_RESOLUTION=false
entry: org.eclipse.jdt.launching.WORKING_DIRECTORY=D:/devsbb/workspaces/hamcrest-vs-assertj/hamcrest_vs_assertj
2015-06-15 21:50:50.933 [Worker-15] DEBUG RebelArgsFixingLaunchListener - ILaunchConfiguration parameters for StringAssertionExamples
2015-06-15 21:50:50.933 [Worker-15] DEBUG RebelArgsFixingLaunchListener - 
entry: org.eclipse.debug.core.MAPPED_RESOURCE_PATHS=[/hamcrest_vs_assertj/src/test/java/ch/rwi/hamcrest_vs_assertj/StringAssertionExamples.java]
entry: org.eclipse.debug.core.MAPPED_RESOURCE_TYPES=[1]
entry: org.eclipse.jdt.junit.CONTAINER=
entry: org.eclipse.jdt.junit.KEEPRUNNING_ATTR=false
entry: org.eclipse.jdt.junit.TEST_KIND=org.eclipse.jdt.junit.loader.junit4
entry: org.eclipse.jdt.launching.CLASSPATH_PROVIDER=org.eclipse.m2e.launchconfig.classpathProvider
entry: org.eclipse.jdt.launching.MAIN_TYPE=ch.rwi.hamcrest_vs_assertj.StringAssertionExamples
entry: org.eclipse.jdt.launching.PROJECT_ATTR=hamcrest_vs_assertj
entry: org.eclipse.jdt.launching.SOURCE_PATH_PROVIDER=org.eclipse.m2e.launchconfig.sourcepathProvider
entry: org.eclipse.jdt.launching.VM_ARGUMENTS=
2015-06-15 21:53:29.906 [Worker-15] DEBUG RebelArgsFixingLaunchListener - ILaunchConfiguration parameters for StringAssertionExamples
2015-06-15 21:53:29.906 [Worker-15] DEBUG RebelArgsFixingLaunchListener - 
entry: org.eclipse.debug.core.MAPPED_RESOURCE_PATHS=[/hamcrest_vs_assertj/src/test/java/ch/rwi/hamcrest_vs_assertj/StringAssertionExamples.java]
entry: org.eclipse.debug.core.MAPPED_RESOURCE_TYPES=[1]
entry: org.eclipse.jdt.junit.CONTAINER=
entry: org.eclipse.jdt.junit.KEEPRUNNING_ATTR=false
entry: org.eclipse.jdt.junit.TEST_KIND=org.eclipse.jdt.junit.loader.junit4
entry: org.eclipse.jdt.launching.CLASSPATH_PROVIDER=org.eclipse.m2e.launchconfig.classpathProvider
entry: org.eclipse.jdt.launching.MAIN_TYPE=ch.rwi.hamcrest_vs_assertj.StringAssertionExamples
entry: org.eclipse.jdt.launching.PROJECT_ATTR=hamcrest_vs_assertj
entry: org.eclipse.jdt.launching.SOURCE_PATH_PROVIDER=org.eclipse.m2e.launchconfig.sourcepathProvider
entry: org.eclipse.jdt.launching.VM_ARGUMENTS=
2015-06-15 21:53:33.691 [Worker-8] DEBUG RebelArgsFixingLaunchListener - ILaunchConfiguration parameters for hamcrest_vs_assertj
2015-06-15 21:53:33.692 [Worker-8] DEBUG RebelArgsFixingLaunchListener - 
entry: M2_DEBUG_OUTPUT=false
entry: M2_GOALS=clean install
entry: M2_NON_RECURSIVE=false
entry: M2_OFFLINE=false
entry: M2_PROFILES=
entry: M2_PROPERTIES=[]
entry: M2_RUNTIME=D:\devsbb\apps\mvn\apache-maven-3.0.4
entry: M2_SKIP_TESTS=false
entry: M2_THREADS=1
entry: M2_UPDATE_SNAPSHOTS=false
entry: M2_USER_SETTINGS=
entry: M2_WORKSPACE_RESOLUTION=false
entry: org.eclipse.jdt.launching.WORKING_DIRECTORY=D:/devsbb/workspaces/hamcrest-vs-assertj/hamcrest_vs_assertj
2015-06-15 21:53:56.732 [Worker-16] DEBUG RebelArgsFixingLaunchListener - ILaunchConfiguration parameters for StringAssertionExamples
2015-06-15 21:53:56.732 [Worker-16] DEBUG RebelArgsFixingLaunchListener - 
entry: org.eclipse.debug.core.MAPPED_RESOURCE_PATHS=[/hamcrest_vs_assertj/src/test/java/ch/rwi/hamcrest_vs_assertj/StringAssertionExamples.java]
entry: org.eclipse.debug.core.MAPPED_RESOURCE_TYPES=[1]
entry: org.eclipse.jdt.junit.CONTAINER=
entry: org.eclipse.jdt.junit.KEEPRUNNING_ATTR=false
entry: org.eclipse.jdt.junit.TEST_KIND=org.eclipse.jdt.junit.loader.junit4
entry: org.eclipse.jdt.launching.CLASSPATH_PROVIDER=org.eclipse.m2e.launchconfig.classpathProvider
entry: org.eclipse.jdt.launching.MAIN_TYPE=ch.rwi.hamcrest_vs_assertj.StringAssertionExamples
entry: org.eclipse.jdt.launching.PROJECT_ATTR=hamcrest_vs_assertj
entry: org.eclipse.jdt.launching.SOURCE_PATH_PROVIDER=org.eclipse.m2e.launchconfig.sourcepathProvider
entry: org.eclipse.jdt.launching.VM_ARGUMENTS=
2015-06-15 21:54:09.810 [Worker-14] DEBUG RebelArgsFixingLaunchListener - ILaunchConfiguration parameters for StringAssertionExamples
2015-06-15 21:54:09.810 [Worker-14] DEBUG RebelArgsFixingLaunchListener - 
entry: org.eclipse.debug.core.MAPPED_RESOURCE_PATHS=[/hamcrest_vs_assertj/src/test/java/ch/rwi/hamcrest_vs_assertj/StringAssertionExamples.java]
entry: org.eclipse.debug.core.MAPPED_RESOURCE_TYPES=[1]
entry: org.eclipse.jdt.junit.CONTAINER=
entry: org.eclipse.jdt.junit.KEEPRUNNING_ATTR=false
entry: org.eclipse.jdt.junit.TEST_KIND=org.eclipse.jdt.junit.loader.junit4
entry: org.eclipse.jdt.launching.CLASSPATH_PROVIDER=org.eclipse.m2e.launchconfig.classpathProvider
entry: org.eclipse.jdt.launching.MAIN_TYPE=ch.rwi.hamcrest_vs_assertj.StringAssertionExamples
entry: org.eclipse.jdt.launching.PROJECT_ATTR=hamcrest_vs_assertj
entry: org.eclipse.jdt.launching.SOURCE_PATH_PROVIDER=org.eclipse.m2e.launchconfig.sourcepathProvider
entry: org.eclipse.jdt.launching.VM_ARGUMENTS=
2015-06-15 22:04:47.845 [Worker-1] DEBUG RebelArgsFixingLaunchListener - ILaunchConfiguration parameters for StringAssertionExamples.testStrings_Hamcrest
2015-06-15 22:04:47.845 [Worker-1] DEBUG RebelArgsFixingLaunchListener - 
entry: org.eclipse.debug.core.MAPPED_RESOURCE_PATHS=[/hamcrest_vs_assertj/src/test/java/ch/rwi/hamcrest_vs_assertj/StringAssertionExamples.java]
entry: org.eclipse.debug.core.MAPPED_RESOURCE_TYPES=[1]
entry: org.eclipse.jdt.junit.CONTAINER=
entry: org.eclipse.jdt.junit.KEEPRUNNING_ATTR=false
entry: org.eclipse.jdt.junit.TESTNAME=testStrings_Hamcrest
entry: org.eclipse.jdt.junit.TEST_KIND=org.eclipse.jdt.junit.loader.junit4
entry: org.eclipse.jdt.launching.CLASSPATH_PROVIDER=org.eclipse.m2e.launchconfig.classpathProvider
entry: org.eclipse.jdt.launching.MAIN_TYPE=ch.rwi.hamcrest_vs_assertj.StringAssertionExamples
entry: org.eclipse.jdt.launching.PROJECT_ATTR=hamcrest_vs_assertj
entry: org.eclipse.jdt.launching.SOURCE_PATH_PROVIDER=org.eclipse.m2e.launchconfig.sourcepathProvider
entry: org.eclipse.jdt.launching.VM_ARGUMENTS=
2015-06-15 22:05:40.482 [Worker-13] DEBUG RebelArgsFixingLaunchListener - ILaunchConfiguration parameters for hamcrest_vs_assertj
2015-06-15 22:05:40.482 [Worker-13] DEBUG RebelArgsFixingLaunchListener - 
entry: M2_DEBUG_OUTPUT=false
entry: M2_GOALS=clean install
entry: M2_NON_RECURSIVE=false
entry: M2_OFFLINE=false
entry: M2_PROFILES=
entry: M2_PROPERTIES=[]
entry: M2_RUNTIME=D:\devsbb\apps\mvn\apache-maven-3.0.4
entry: M2_SKIP_TESTS=false
entry: M2_THREADS=1
entry: M2_UPDATE_SNAPSHOTS=false
entry: M2_USER_SETTINGS=
entry: M2_WORKSPACE_RESOLUTION=false
entry: org.eclipse.jdt.launching.WORKING_DIRECTORY=D:/devsbb/workspaces/hamcrest-vs-assertj/hamcrest_vs_assertj
2015-06-15 22:06:34.826 [Worker-8] DEBUG RebelArgsFixingLaunchListener - ILaunchConfiguration parameters for hamcrest_vs_assertj
2015-06-15 22:06:34.826 [Worker-8] DEBUG RebelArgsFixingLaunchListener - 
entry: M2_DEBUG_OUTPUT=false
entry: M2_GOALS=clean install
entry: M2_NON_RECURSIVE=false
entry: M2_OFFLINE=false
entry: M2_PROFILES=
entry: M2_PROPERTIES=[]
entry: M2_RUNTIME=D:\devsbb\apps\mvn\apache-maven-3.0.4
entry: M2_SKIP_TESTS=false
entry: M2_THREADS=1
entry: M2_UPDATE_SNAPSHOTS=false
entry: M2_USER_SETTINGS=
entry: M2_WORKSPACE_RESOLUTION=false
entry: org.eclipse.jdt.launching.WORKING_DIRECTORY=D:/devsbb/workspaces/hamcrest-vs-assertj/hamcrest_vs_assertj
2015-06-15 22:06:45.365 [Worker-16] DEBUG RebelArgsFixingLaunchListener - ILaunchConfiguration parameters for StringAssertionExamples
2015-06-15 22:06:45.365 [Worker-16] DEBUG RebelArgsFixingLaunchListener - 
entry: org.eclipse.debug.core.MAPPED_RESOURCE_PATHS=[/hamcrest_vs_assertj/src/test/java/ch/rwi/hamcrest_vs_assertj/StringAssertionExamples.java]
entry: org.eclipse.debug.core.MAPPED_RESOURCE_TYPES=[1]
entry: org.eclipse.jdt.junit.CONTAINER=
entry: org.eclipse.jdt.junit.KEEPRUNNING_ATTR=false
entry: org.eclipse.jdt.junit.TEST_KIND=org.eclipse.jdt.junit.loader.junit4
entry: org.eclipse.jdt.launching.CLASSPATH_PROVIDER=org.eclipse.m2e.launchconfig.classpathProvider
entry: org.eclipse.jdt.launching.MAIN_TYPE=ch.rwi.hamcrest_vs_assertj.StringAssertionExamples
entry: org.eclipse.jdt.launching.PROJECT_ATTR=hamcrest_vs_assertj
entry: org.eclipse.jdt.launching.SOURCE_PATH_PROVIDER=org.eclipse.m2e.launchconfig.sourcepathProvider
entry: org.eclipse.jdt.launching.VM_ARGUMENTS=
2015-06-15 22:11:36.838 [Worker-19] DEBUG RebelArgsFixingLaunchListener - ILaunchConfiguration parameters for Rerun ch.rwi.hamcrest_vs_assertj.StringAssertionExamples
2015-06-15 22:11:36.838 [Worker-19] DEBUG RebelArgsFixingLaunchListener - 
entry: org.eclipse.debug.core.MAPPED_RESOURCE_PATHS=[/hamcrest_vs_assertj/src/test/java/ch/rwi/hamcrest_vs_assertj/StringAssertionExamples.java]
entry: org.eclipse.debug.core.MAPPED_RESOURCE_TYPES=[1]
entry: org.eclipse.jdt.junit.CONTAINER=
entry: org.eclipse.jdt.junit.KEEPRUNNING_ATTR=false
entry: org.eclipse.jdt.junit.TEST_KIND=org.eclipse.jdt.junit.loader.junit4
entry: org.eclipse.jdt.launching.CLASSPATH_PROVIDER=org.eclipse.m2e.launchconfig.classpathProvider
entry: org.eclipse.jdt.launching.MAIN_TYPE=ch.rwi.hamcrest_vs_assertj.StringAssertionExamples
entry: org.eclipse.jdt.launching.PROJECT_ATTR=hamcrest_vs_assertj
entry: org.eclipse.jdt.launching.SOURCE_PATH_PROVIDER=org.eclipse.m2e.launchconfig.sourcepathProvider
entry: org.eclipse.jdt.launching.VM_ARGUMENTS=
2015-06-15 22:11:48.602 [Worker-8] DEBUG RebelArgsFixingLaunchListener - ILaunchConfiguration parameters for StringAssertionExamples
2015-06-15 22:11:48.602 [Worker-8] DEBUG RebelArgsFixingLaunchListener - 
entry: org.eclipse.debug.core.MAPPED_RESOURCE_PATHS=[/hamcrest_vs_assertj/src/test/java/ch/rwi/hamcrest_vs_assertj/StringAssertionExamples.java]
entry: org.eclipse.debug.core.MAPPED_RESOURCE_TYPES=[1]
entry: org.eclipse.jdt.junit.CONTAINER=
entry: org.eclipse.jdt.junit.KEEPRUNNING_ATTR=false
entry: org.eclipse.jdt.junit.TEST_KIND=org.eclipse.jdt.junit.loader.junit4
entry: org.eclipse.jdt.launching.CLASSPATH_PROVIDER=org.eclipse.m2e.launchconfig.classpathProvider
entry: org.eclipse.jdt.launching.MAIN_TYPE=ch.rwi.hamcrest_vs_assertj.StringAssertionExamples
entry: org.eclipse.jdt.launching.PROJECT_ATTR=hamcrest_vs_assertj
entry: org.eclipse.jdt.launching.SOURCE_PATH_PROVIDER=org.eclipse.m2e.launchconfig.sourcepathProvider
entry: org.eclipse.jdt.launching.VM_ARGUMENTS=
2015-06-15 22:12:03.135 [Worker-18] DEBUG RebelArgsFixingLaunchListener - ILaunchConfiguration parameters for Rerun ch.rwi.hamcrest_vs_assertj.StringAssertionExamples
2015-06-15 22:12:03.135 [Worker-18] DEBUG RebelArgsFixingLaunchListener - 
entry: org.eclipse.debug.core.MAPPED_RESOURCE_PATHS=[/hamcrest_vs_assertj/src/test/java/ch/rwi/hamcrest_vs_assertj/StringAssertionExamples.java]
entry: org.eclipse.debug.core.MAPPED_RESOURCE_TYPES=[1]
entry: org.eclipse.jdt.junit.CONTAINER=
entry: org.eclipse.jdt.junit.KEEPRUNNING_ATTR=false
entry: org.eclipse.jdt.junit.TEST_KIND=org.eclipse.jdt.junit.loader.junit4
entry: org.eclipse.jdt.launching.CLASSPATH_PROVIDER=org.eclipse.m2e.launchconfig.classpathProvider
entry: org.eclipse.jdt.launching.MAIN_TYPE=ch.rwi.hamcrest_vs_assertj.StringAssertionExamples
entry: org.eclipse.jdt.launching.PROJECT_ATTR=hamcrest_vs_assertj
entry: org.eclipse.jdt.launching.SOURCE_PATH_PROVIDER=org.eclipse.m2e.launchconfig.sourcepathProvider
entry: org.eclipse.jdt.launching.VM_ARGUMENTS=
2015-06-15 22:12:54.038 [Worker-18] DEBUG RebelArgsFixingLaunchListener - ILaunchConfiguration parameters for Rerun ch.rwi.hamcrest_vs_assertj.StringAssertionExamples
2015-06-15 22:12:54.038 [Worker-18] DEBUG RebelArgsFixingLaunchListener - 
entry: org.eclipse.debug.core.MAPPED_RESOURCE_PATHS=[/hamcrest_vs_assertj/src/test/java/ch/rwi/hamcrest_vs_assertj/StringAssertionExamples.java]
entry: org.eclipse.debug.core.MAPPED_RESOURCE_TYPES=[1]
entry: org.eclipse.jdt.junit.CONTAINER=
entry: org.eclipse.jdt.junit.KEEPRUNNING_ATTR=false
entry: org.eclipse.jdt.junit.TEST_KIND=org.eclipse.jdt.junit.loader.junit4
entry: org.eclipse.jdt.launching.CLASSPATH_PROVIDER=org.eclipse.m2e.launchconfig.classpathProvider
entry: org.eclipse.jdt.launching.MAIN_TYPE=ch.rwi.hamcrest_vs_assertj.StringAssertionExamples
entry: org.eclipse.jdt.launching.PROJECT_ATTR=hamcrest_vs_assertj
entry: org.eclipse.jdt.launching.SOURCE_PATH_PROVIDER=org.eclipse.m2e.launchconfig.sourcepathProvider
entry: org.eclipse.jdt.launching.VM_ARGUMENTS=
2015-06-15 22:13:48.937 [Worker-5] DEBUG RebelArgsFixingLaunchListener - ILaunchConfiguration parameters for Rerun ch.rwi.hamcrest_vs_assertj.StringAssertionExamples
2015-06-15 22:13:48.937 [Worker-5] DEBUG RebelArgsFixingLaunchListener - 
entry: org.eclipse.debug.core.MAPPED_RESOURCE_PATHS=[/hamcrest_vs_assertj/src/test/java/ch/rwi/hamcrest_vs_assertj/StringAssertionExamples.java]
entry: org.eclipse.debug.core.MAPPED_RESOURCE_TYPES=[1]
entry: org.eclipse.jdt.junit.CONTAINER=
entry: org.eclipse.jdt.junit.KEEPRUNNING_ATTR=false
entry: org.eclipse.jdt.junit.TEST_KIND=org.eclipse.jdt.junit.loader.junit4
entry: org.eclipse.jdt.launching.CLASSPATH_PROVIDER=org.eclipse.m2e.launchconfig.classpathProvider
entry: org.eclipse.jdt.launching.MAIN_TYPE=ch.rwi.hamcrest_vs_assertj.StringAssertionExamples
entry: org.eclipse.jdt.launching.PROJECT_ATTR=hamcrest_vs_assertj
entry: org.eclipse.jdt.launching.SOURCE_PATH_PROVIDER=org.eclipse.m2e.launchconfig.sourcepathProvider
entry: org.eclipse.jdt.launching.VM_ARGUMENTS=
2015-06-15 22:15:26.592 [Worker-15] DEBUG RebelArgsFixingLaunchListener - ILaunchConfiguration parameters for hamcrest_vs_assertj
2015-06-15 22:15:26.592 [Worker-15] DEBUG RebelArgsFixingLaunchListener - 
entry: M2_DEBUG_OUTPUT=false
entry: M2_GOALS=clean install
entry: M2_NON_RECURSIVE=false
entry: M2_OFFLINE=false
entry: M2_PROFILES=
entry: M2_PROPERTIES=[]
entry: M2_RUNTIME=D:\devsbb\apps\mvn\apache-maven-3.0.4
entry: M2_SKIP_TESTS=false
entry: M2_THREADS=1
entry: M2_UPDATE_SNAPSHOTS=false
entry: M2_USER_SETTINGS=
entry: M2_WORKSPACE_RESOLUTION=false
entry: org.eclipse.jdt.launching.WORKING_DIRECTORY=D:/devsbb/workspaces/hamcrest-vs-assertj/hamcrest_vs_assertj
2015-06-15 22:15:35.070 [Worker-8] DEBUG RebelArgsFixingLaunchListener - ILaunchConfiguration parameters for StringAssertionExamples
2015-06-15 22:15:35.070 [Worker-8] DEBUG RebelArgsFixingLaunchListener - 
entry: org.eclipse.debug.core.MAPPED_RESOURCE_PATHS=[/hamcrest_vs_assertj/src/test/java/ch/rwi/hamcrest_vs_assertj/StringAssertionExamples.java]
entry: org.eclipse.debug.core.MAPPED_RESOURCE_TYPES=[1]
entry: org.eclipse.jdt.junit.CONTAINER=
entry: org.eclipse.jdt.junit.KEEPRUNNING_ATTR=false
entry: org.eclipse.jdt.junit.TEST_KIND=org.eclipse.jdt.junit.loader.junit4
entry: org.eclipse.jdt.launching.CLASSPATH_PROVIDER=org.eclipse.m2e.launchconfig.classpathProvider
entry: org.eclipse.jdt.launching.MAIN_TYPE=ch.rwi.hamcrest_vs_assertj.StringAssertionExamples
entry: org.eclipse.jdt.launching.PROJECT_ATTR=hamcrest_vs_assertj
entry: org.eclipse.jdt.launching.SOURCE_PATH_PROVIDER=org.eclipse.m2e.launchconfig.sourcepathProvider
entry: org.eclipse.jdt.launching.VM_ARGUMENTS=
2015-06-16 08:41:05.359 [Worker-10] DEBUG AgentProvider - setInitializationData. isBeta false; location jrebel/
2015-06-16 08:41:05.371 [Worker-10] DEBUG AgentProvider - setInitializationData. isBeta true; location jr6/jrebel/
2015-06-16 08:41:05.395 [Worker-10] DEBUG HttpNotifications - Starting JRebel Notification server on port 0
2015-06-16 08:41:05.504 [Worker-10] DEBUG HttpNotifications - Listening to JRebel notifications at http://127.0.0.1:49910/jrebel/notifications
2015-06-16 08:41:05.509 [Worker-10] DEBUG EclipseJRebelClientAdapter - Getting license via CLI
2015-06-16 08:41:05.515 [Thread-31] DEBUG o.z.exec.ProcessExecutor - Executing [D:\devsbb\jdk\jdk1.7_32\jre\bin\java.exe, -Drebel.log=false, -Drebel.log.stdout=false, -Drebel.env.ide=Eclipse, -Drebel.properties=C:\Users\u211732\.jrebel\jrebel.properties, -Drebel.license_server.legacy=false, -cp, D:\devsbb\apps\eclipse\eclipse-luna-win32\plugins\org.zeroturnaround.eclipse.embedder_5.6.1.SR1-201408121523\jrebel\jrebel.jar, com.zeroturnaround.javarebel.CLILicensingAPIImpl, getCurrentLicense, , ]...
2015-06-16 08:41:05.543 [Thread-31] DEBUG o.z.exec.ProcessExecutor - Started java.lang.ProcessImpl@b60517
2015-06-16 08:41:05.810 [Thread-31] DEBUG o.z.exec.WaitForProcess - java.lang.ProcessImpl@b60517 stopped with exit code 0
2015-06-16 08:41:06.162 [JRebel License Expiration Notification Checker] DEBUG EclipseJRebelClientAdapter - Getting license via CLI
2015-06-16 08:41:06.162 [JRebel License Expiration Notification Checker] DEBUG o.z.exec.ProcessExecutor - Executing [D:\devsbb\jdk\jdk1.7_32\jre\bin\java.exe, -Drebel.log=false, -Drebel.log.stdout=false, -Drebel.env.ide=Eclipse, -Drebel.properties=C:\Users\u211732\.jrebel\jrebel.properties, -Drebel.license_server.legacy=false, -cp, D:\devsbb\apps\eclipse\eclipse-luna-win32\plugins\org.zeroturnaround.eclipse.embedder_5.6.1.SR1-201408121523\jrebel\jrebel.jar, com.zeroturnaround.javarebel.CLILicensingAPIImpl, getCurrentLicense, , ]...
2015-06-16 08:41:06.163 [JRebel License Expiration Notification Checker] DEBUG o.z.exec.ProcessExecutor - Started java.lang.ProcessImpl@efbb73
2015-06-16 08:41:06.357 [JRebel License Expiration Notification Checker] DEBUG o.z.exec.WaitForProcess - java.lang.ProcessImpl@efbb73 stopped with exit code 0
2015-06-16 15:03:41.534 [Worker-13] DEBUG AgentProvider - setInitializationData. isBeta false; location jrebel/
2015-06-16 15:03:41.534 [Worker-13] DEBUG AgentProvider - setInitializationData. isBeta true; location jr6/jrebel/
2015-06-16 15:03:41.550 [Worker-13] DEBUG HttpNotifications - Starting JRebel Notification server on port 0
2015-06-16 15:03:41.612 [Worker-13] DEBUG HttpNotifications - Listening to JRebel notifications at http://127.0.0.1:64518/jrebel/notifications
2015-06-16 15:03:41.612 [Worker-13] DEBUG EclipseJRebelClientAdapter - Getting license via CLI
2015-06-16 15:03:41.628 [Thread-31] DEBUG o.z.exec.ProcessExecutor - Executing [D:\devsbb\jdk\jdk1.7_32\jre\bin\java.exe, -Drebel.log=false, -Drebel.log.stdout=false, -Drebel.env.ide=Eclipse, -Drebel.properties=C:\Users\u211732\.jrebel\jrebel.properties, -Drebel.license_server.legacy=false, -cp, D:\devsbb\apps\eclipse\eclipse-luna-win32\plugins\org.zeroturnaround.eclipse.embedder_5.6.1.SR1-201408121523\jrebel\jrebel.jar, com.zeroturnaround.javarebel.CLILicensingAPIImpl, getCurrentLicense, , ]...
2015-06-16 15:03:41.628 [Thread-31] DEBUG o.z.exec.ProcessExecutor - Started java.lang.ProcessImpl@1cf1f22
2015-06-16 15:03:41.815 [Thread-31] DEBUG o.z.exec.WaitForProcess - java.lang.ProcessImpl@1cf1f22 stopped with exit code 0
2015-06-16 15:13:51.685 [Worker-19] DEBUG RebelArgsFixingLaunchListener - ILaunchConfiguration parameters for ListAssertionExample.testList_WithAssertJ
2015-06-16 15:13:51.685 [Worker-19] DEBUG RebelArgsFixingLaunchListener - 
entry: org.eclipse.debug.core.MAPPED_RESOURCE_PATHS=[/hamcrest_vs_assertj/src/test/java/ch/rwi/hamcrest_vs_assertj/ListAssertionExample.java]
entry: org.eclipse.debug.core.MAPPED_RESOURCE_TYPES=[1]
entry: org.eclipse.jdt.junit.CONTAINER=
entry: org.eclipse.jdt.junit.KEEPRUNNING_ATTR=false
entry: org.eclipse.jdt.junit.TESTNAME=testList_WithAssertJ
entry: org.eclipse.jdt.junit.TEST_KIND=org.eclipse.jdt.junit.loader.junit4
entry: org.eclipse.jdt.launching.CLASSPATH_PROVIDER=org.eclipse.m2e.launchconfig.classpathProvider
entry: org.eclipse.jdt.launching.MAIN_TYPE=ch.rwi.hamcrest_vs_assertj.ListAssertionExample
entry: org.eclipse.jdt.launching.PROJECT_ATTR=hamcrest_vs_assertj
entry: org.eclipse.jdt.launching.SOURCE_PATH_PROVIDER=org.eclipse.m2e.launchconfig.sourcepathProvider
entry: org.eclipse.jdt.launching.VM_ARGUMENTS=
2015-06-16 15:17:13.400 [Worker-19] DEBUG RebelArgsFixingLaunchListener - ILaunchConfiguration parameters for Rerun ch.rwi.hamcrest_vs_assertj.ListAssertionExample.testList_WithAssertJ
2015-06-16 15:17:13.400 [Worker-19] DEBUG RebelArgsFixingLaunchListener - 
entry: org.eclipse.debug.core.MAPPED_RESOURCE_PATHS=[/hamcrest_vs_assertj/src/test/java/ch/rwi/hamcrest_vs_assertj/ListAssertionExample.java]
entry: org.eclipse.debug.core.MAPPED_RESOURCE_TYPES=[1]
entry: org.eclipse.jdt.junit.CONTAINER=
entry: org.eclipse.jdt.junit.KEEPRUNNING_ATTR=false
entry: org.eclipse.jdt.junit.TESTNAME=testList_WithAssertJ
entry: org.eclipse.jdt.junit.TEST_KIND=org.eclipse.jdt.junit.loader.junit4
entry: org.eclipse.jdt.launching.CLASSPATH_PROVIDER=org.eclipse.m2e.launchconfig.classpathProvider
entry: org.eclipse.jdt.launching.MAIN_TYPE=ch.rwi.hamcrest_vs_assertj.ListAssertionExample
entry: org.eclipse.jdt.launching.PROJECT_ATTR=hamcrest_vs_assertj
entry: org.eclipse.jdt.launching.SOURCE_PATH_PROVIDER=org.eclipse.m2e.launchconfig.sourcepathProvider
entry: org.eclipse.jdt.launching.VM_ARGUMENTS=
2015-06-16 15:33:31.548 [Worker-13] DEBUG RebelArgsFixingLaunchListener - ILaunchConfiguration parameters for Rerun ch.rwi.hamcrest_vs_assertj.ListAssertionExample.testList_WithAssertJ
2015-06-16 15:33:31.548 [Worker-13] DEBUG RebelArgsFixingLaunchListener - 
entry: org.eclipse.debug.core.MAPPED_RESOURCE_PATHS=[/hamcrest_vs_assertj/src/test/java/ch/rwi/hamcrest_vs_assertj/ListAssertionExample.java]
entry: org.eclipse.debug.core.MAPPED_RESOURCE_TYPES=[1]
entry: org.eclipse.jdt.junit.CONTAINER=
entry: org.eclipse.jdt.junit.KEEPRUNNING_ATTR=false
entry: org.eclipse.jdt.junit.TESTNAME=testList_WithAssertJ
entry: org.eclipse.jdt.junit.TEST_KIND=org.eclipse.jdt.junit.loader.junit4
entry: org.eclipse.jdt.launching.CLASSPATH_PROVIDER=org.eclipse.m2e.launchconfig.classpathProvider
entry: org.eclipse.jdt.launching.MAIN_TYPE=ch.rwi.hamcrest_vs_assertj.ListAssertionExample
entry: org.eclipse.jdt.launching.PROJECT_ATTR=hamcrest_vs_assertj
entry: org.eclipse.jdt.launching.SOURCE_PATH_PROVIDER=org.eclipse.m2e.launchconfig.sourcepathProvider
entry: org.eclipse.jdt.launching.VM_ARGUMENTS=
2015-06-16 15:33:37.513 [Worker-13] DEBUG RebelArgsFixingLaunchListener - ILaunchConfiguration parameters for ListAssertionExample.testList_JUnit
2015-06-16 15:33:37.513 [Worker-13] DEBUG RebelArgsFixingLaunchListener - 
entry: org.eclipse.debug.core.MAPPED_RESOURCE_PATHS=[/hamcrest_vs_assertj/src/test/java/ch/rwi/hamcrest_vs_assertj/ListAssertionExample.java]
entry: org.eclipse.debug.core.MAPPED_RESOURCE_TYPES=[1]
entry: org.eclipse.jdt.junit.CONTAINER=
entry: org.eclipse.jdt.junit.KEEPRUNNING_ATTR=false
entry: org.eclipse.jdt.junit.TESTNAME=testList_JUnit
entry: org.eclipse.jdt.junit.TEST_KIND=org.eclipse.jdt.junit.loader.junit4
entry: org.eclipse.jdt.launching.CLASSPATH_PROVIDER=org.eclipse.m2e.launchconfig.classpathProvider
entry: org.eclipse.jdt.launching.MAIN_TYPE=ch.rwi.hamcrest_vs_assertj.ListAssertionExample
entry: org.eclipse.jdt.launching.PROJECT_ATTR=hamcrest_vs_assertj
entry: org.eclipse.jdt.launching.SOURCE_PATH_PROVIDER=org.eclipse.m2e.launchconfig.sourcepathProvider
entry: org.eclipse.jdt.launching.VM_ARGUMENTS=
2015-06-16 15:33:50.600 [Worker-23] DEBUG RebelArgsFixingLaunchListener - ILaunchConfiguration parameters for Rerun ch.rwi.hamcrest_vs_assertj.ListAssertionExample.testList_JUnit
2015-06-16 15:33:50.600 [Worker-23] DEBUG RebelArgsFixingLaunchListener - 
entry: org.eclipse.debug.core.MAPPED_RESOURCE_PATHS=[/hamcrest_vs_assertj/src/test/java/ch/rwi/hamcrest_vs_assertj/ListAssertionExample.java]
entry: org.eclipse.debug.core.MAPPED_RESOURCE_TYPES=[1]
entry: org.eclipse.jdt.junit.CONTAINER=
entry: org.eclipse.jdt.junit.KEEPRUNNING_ATTR=false
entry: org.eclipse.jdt.junit.TESTNAME=testList_JUnit
entry: org.eclipse.jdt.junit.TEST_KIND=org.eclipse.jdt.junit.loader.junit4
entry: org.eclipse.jdt.launching.CLASSPATH_PROVIDER=org.eclipse.m2e.launchconfig.classpathProvider
entry: org.eclipse.jdt.launching.MAIN_TYPE=ch.rwi.hamcrest_vs_assertj.ListAssertionExample
entry: org.eclipse.jdt.launching.PROJECT_ATTR=hamcrest_vs_assertj
entry: org.eclipse.jdt.launching.SOURCE_PATH_PROVIDER=org.eclipse.m2e.launchconfig.sourcepathProvider
entry: org.eclipse.jdt.launching.VM_ARGUMENTS=
2015-06-16 15:34:02.768 [Worker-17] DEBUG RebelArgsFixingLaunchListener - ILaunchConfiguration parameters for Rerun ch.rwi.hamcrest_vs_assertj.ListAssertionExample.testList_JUnit
2015-06-16 15:34:02.768 [Worker-17] DEBUG RebelArgsFixingLaunchListener - 
entry: org.eclipse.debug.core.MAPPED_RESOURCE_PATHS=[/hamcrest_vs_assertj/src/test/java/ch/rwi/hamcrest_vs_assertj/ListAssertionExample.java]
entry: org.eclipse.debug.core.MAPPED_RESOURCE_TYPES=[1]
entry: org.eclipse.jdt.junit.CONTAINER=
entry: org.eclipse.jdt.junit.KEEPRUNNING_ATTR=false
entry: org.eclipse.jdt.junit.TESTNAME=testList_JUnit
entry: org.eclipse.jdt.junit.TEST_KIND=org.eclipse.jdt.junit.loader.junit4
entry: org.eclipse.jdt.launching.CLASSPATH_PROVIDER=org.eclipse.m2e.launchconfig.classpathProvider
entry: org.eclipse.jdt.launching.MAIN_TYPE=ch.rwi.hamcrest_vs_assertj.ListAssertionExample
entry: org.eclipse.jdt.launching.PROJECT_ATTR=hamcrest_vs_assertj
entry: org.eclipse.jdt.launching.SOURCE_PATH_PROVIDER=org.eclipse.m2e.launchconfig.sourcepathProvider
entry: org.eclipse.jdt.launching.VM_ARGUMENTS=
2015-06-16 15:34:13.482 [Worker-24] DEBUG RebelArgsFixingLaunchListener - ILaunchConfiguration parameters for ListAssertionExample.testList_WithAssertJ
2015-06-16 15:34:13.482 [Worker-24] DEBUG RebelArgsFixingLaunchListener - 
entry: org.eclipse.debug.core.MAPPED_RESOURCE_PATHS=[/hamcrest_vs_assertj/src/test/java/ch/rwi/hamcrest_vs_assertj/ListAssertionExample.java]
entry: org.eclipse.debug.core.MAPPED_RESOURCE_TYPES=[1]
entry: org.eclipse.jdt.junit.CONTAINER=
entry: org.eclipse.jdt.junit.KEEPRUNNING_ATTR=false
entry: org.eclipse.jdt.junit.TESTNAME=testList_WithAssertJ
entry: org.eclipse.jdt.junit.TEST_KIND=org.eclipse.jdt.junit.loader.junit4
entry: org.eclipse.jdt.launching.CLASSPATH_PROVIDER=org.eclipse.m2e.launchconfig.classpathProvider
entry: org.eclipse.jdt.launching.MAIN_TYPE=ch.rwi.hamcrest_vs_assertj.ListAssertionExample
entry: org.eclipse.jdt.launching.PROJECT_ATTR=hamcrest_vs_assertj
entry: org.eclipse.jdt.launching.SOURCE_PATH_PROVIDER=org.eclipse.m2e.launchconfig.sourcepathProvider
entry: org.eclipse.jdt.launching.VM_ARGUMENTS=
2015-06-16 15:41:36.310 [Worker-8] DEBUG RebelArgsFixingLaunchListener - ILaunchConfiguration parameters for ListAssertionExample
2015-06-16 15:41:36.310 [Worker-8] DEBUG RebelArgsFixingLaunchListener - 
entry: org.eclipse.debug.core.MAPPED_RESOURCE_PATHS=[/hamcrest_vs_assertj/src/test/java/ch/rwi/hamcrest_vs_assertj/ListAssertionExample.java]
entry: org.eclipse.debug.core.MAPPED_RESOURCE_TYPES=[1]
entry: org.eclipse.jdt.junit.CONTAINER=
entry: org.eclipse.jdt.junit.KEEPRUNNING_ATTR=false
entry: org.eclipse.jdt.junit.TEST_KIND=org.eclipse.jdt.junit.loader.junit4
entry: org.eclipse.jdt.launching.CLASSPATH_PROVIDER=org.eclipse.m2e.launchconfig.classpathProvider
entry: org.eclipse.jdt.launching.MAIN_TYPE=ch.rwi.hamcrest_vs_assertj.ListAssertionExample
entry: org.eclipse.jdt.launching.PROJECT_ATTR=hamcrest_vs_assertj
entry: org.eclipse.jdt.launching.SOURCE_PATH_PROVIDER=org.eclipse.m2e.launchconfig.sourcepathProvider
entry: org.eclipse.jdt.launching.VM_ARGUMENTS=
2015-06-16 15:42:13.774 [Worker-27] DEBUG RebelArgsFixingLaunchListener - ILaunchConfiguration parameters for ListAssertionExample
2015-06-16 15:42:13.774 [Worker-27] DEBUG RebelArgsFixingLaunchListener - 
entry: org.eclipse.debug.core.MAPPED_RESOURCE_PATHS=[/hamcrest_vs_assertj/src/test/java/ch/rwi/hamcrest_vs_assertj/ListAssertionExample.java]
entry: org.eclipse.debug.core.MAPPED_RESOURCE_TYPES=[1]
entry: org.eclipse.jdt.junit.CONTAINER=
entry: org.eclipse.jdt.junit.KEEPRUNNING_ATTR=false
entry: org.eclipse.jdt.junit.TEST_KIND=org.eclipse.jdt.junit.loader.junit4
entry: org.eclipse.jdt.launching.CLASSPATH_PROVIDER=org.eclipse.m2e.launchconfig.classpathProvider
entry: org.eclipse.jdt.launching.MAIN_TYPE=ch.rwi.hamcrest_vs_assertj.ListAssertionExample
entry: org.eclipse.jdt.launching.PROJECT_ATTR=hamcrest_vs_assertj
entry: org.eclipse.jdt.launching.SOURCE_PATH_PROVIDER=org.eclipse.m2e.launchconfig.sourcepathProvider
entry: org.eclipse.jdt.launching.VM_ARGUMENTS=
2015-06-16 15:42:52.830 [Worker-23] DEBUG RebelArgsFixingLaunchListener - ILaunchConfiguration parameters for Rerun ch.rwi.hamcrest_vs_assertj.ListAssertionExample
2015-06-16 15:42:52.830 [Worker-23] DEBUG RebelArgsFixingLaunchListener - 
entry: org.eclipse.debug.core.MAPPED_RESOURCE_PATHS=[/hamcrest_vs_assertj/src/test/java/ch/rwi/hamcrest_vs_assertj/ListAssertionExample.java]
entry: org.eclipse.debug.core.MAPPED_RESOURCE_TYPES=[1]
entry: org.eclipse.jdt.junit.CONTAINER=
entry: org.eclipse.jdt.junit.KEEPRUNNING_ATTR=false
entry: org.eclipse.jdt.junit.TEST_KIND=org.eclipse.jdt.junit.loader.junit4
entry: org.eclipse.jdt.launching.CLASSPATH_PROVIDER=org.eclipse.m2e.launchconfig.classpathProvider
entry: org.eclipse.jdt.launching.MAIN_TYPE=ch.rwi.hamcrest_vs_assertj.ListAssertionExample
entry: org.eclipse.jdt.launching.PROJECT_ATTR=hamcrest_vs_assertj
entry: org.eclipse.jdt.launching.SOURCE_PATH_PROVIDER=org.eclipse.m2e.launchconfig.sourcepathProvider
entry: org.eclipse.jdt.launching.VM_ARGUMENTS=
2015-06-16 15:43:31.009 [Worker-27] DEBUG RebelArgsFixingLaunchListener - ILaunchConfiguration parameters for Rerun ch.rwi.hamcrest_vs_assertj.ListAssertionExample
2015-06-16 15:43:31.009 [Worker-27] DEBUG RebelArgsFixingLaunchListener - 
entry: org.eclipse.debug.core.MAPPED_RESOURCE_PATHS=[/hamcrest_vs_assertj/src/test/java/ch/rwi/hamcrest_vs_assertj/ListAssertionExample.java]
entry: org.eclipse.debug.core.MAPPED_RESOURCE_TYPES=[1]
entry: org.eclipse.jdt.junit.CONTAINER=
entry: org.eclipse.jdt.junit.KEEPRUNNING_ATTR=false
entry: org.eclipse.jdt.junit.TEST_KIND=org.eclipse.jdt.junit.loader.junit4
entry: org.eclipse.jdt.launching.CLASSPATH_PROVIDER=org.eclipse.m2e.launchconfig.classpathProvider
entry: org.eclipse.jdt.launching.MAIN_TYPE=ch.rwi.hamcrest_vs_assertj.ListAssertionExample
entry: org.eclipse.jdt.launching.PROJECT_ATTR=hamcrest_vs_assertj
entry: org.eclipse.jdt.launching.SOURCE_PATH_PROVIDER=org.eclipse.m2e.launchconfig.sourcepathProvider
entry: org.eclipse.jdt.launching.VM_ARGUMENTS=
2015-06-16 16:38:39.093 [Worker-36] DEBUG RebelArgsFixingLaunchListener - ILaunchConfiguration parameters for CustomMatcherExample.testList_WithAssertJ
2015-06-16 16:38:39.093 [Worker-36] DEBUG RebelArgsFixingLaunchListener - 
entry: org.eclipse.debug.core.MAPPED_RESOURCE_PATHS=[/hamcrest_vs_assertj/src/test/java/ch/rwi/hamcrest_vs_assertj/CustomMatcherExample.java]
entry: org.eclipse.debug.core.MAPPED_RESOURCE_TYPES=[1]
entry: org.eclipse.jdt.junit.CONTAINER=
entry: org.eclipse.jdt.junit.KEEPRUNNING_ATTR=false
entry: org.eclipse.jdt.junit.TESTNAME=testList_WithAssertJ
entry: org.eclipse.jdt.junit.TEST_KIND=org.eclipse.jdt.junit.loader.junit4
entry: org.eclipse.jdt.launching.CLASSPATH_PROVIDER=org.eclipse.m2e.launchconfig.classpathProvider
entry: org.eclipse.jdt.launching.MAIN_TYPE=ch.rwi.hamcrest_vs_assertj.CustomMatcherExample
entry: org.eclipse.jdt.launching.PROJECT_ATTR=hamcrest_vs_assertj
entry: org.eclipse.jdt.launching.SOURCE_PATH_PROVIDER=org.eclipse.m2e.launchconfig.sourcepathProvider
entry: org.eclipse.jdt.launching.VM_ARGUMENTS=
2015-06-16 16:38:48.587 [Worker-32] DEBUG RebelArgsFixingLaunchListener - ILaunchConfiguration parameters for CustomMatcherExample.testList_WithAssertJ
2015-06-16 16:38:48.587 [Worker-32] DEBUG RebelArgsFixingLaunchListener - 
entry: org.eclipse.debug.core.MAPPED_RESOURCE_PATHS=[/hamcrest_vs_assertj/src/test/java/ch/rwi/hamcrest_vs_assertj/CustomMatcherExample.java]
entry: org.eclipse.debug.core.MAPPED_RESOURCE_TYPES=[1]
entry: org.eclipse.jdt.junit.CONTAINER=
entry: org.eclipse.jdt.junit.KEEPRUNNING_ATTR=false
entry: org.eclipse.jdt.junit.TESTNAME=testList_WithAssertJ
entry: org.eclipse.jdt.junit.TEST_KIND=org.eclipse.jdt.junit.loader.junit4
entry: org.eclipse.jdt.launching.CLASSPATH_PROVIDER=org.eclipse.m2e.launchconfig.classpathProvider
entry: org.eclipse.jdt.launching.MAIN_TYPE=ch.rwi.hamcrest_vs_assertj.CustomMatcherExample
entry: org.eclipse.jdt.launching.PROJECT_ATTR=hamcrest_vs_assertj
entry: org.eclipse.jdt.launching.SOURCE_PATH_PROVIDER=org.eclipse.m2e.launchconfig.sourcepathProvider
entry: org.eclipse.jdt.launching.VM_ARGUMENTS=
2015-06-16 16:53:38.019 [Worker-37] DEBUG RebelArgsFixingLaunchListener - ILaunchConfiguration parameters for CustomMatcherExample.testMovie_Hamcrest
2015-06-16 16:53:38.019 [Worker-37] DEBUG RebelArgsFixingLaunchListener - 
entry: org.eclipse.debug.core.MAPPED_RESOURCE_PATHS=[/hamcrest_vs_assertj/src/test/java/ch/rwi/hamcrest_vs_assertj/CustomMatcherExample.java]
entry: org.eclipse.debug.core.MAPPED_RESOURCE_TYPES=[1]
entry: org.eclipse.jdt.junit.CONTAINER=
entry: org.eclipse.jdt.junit.KEEPRUNNING_ATTR=false
entry: org.eclipse.jdt.junit.TESTNAME=testMovie_Hamcrest
entry: org.eclipse.jdt.junit.TEST_KIND=org.eclipse.jdt.junit.loader.junit4
entry: org.eclipse.jdt.launching.CLASSPATH_PROVIDER=org.eclipse.m2e.launchconfig.classpathProvider
entry: org.eclipse.jdt.launching.MAIN_TYPE=ch.rwi.hamcrest_vs_assertj.CustomMatcherExample
entry: org.eclipse.jdt.launching.PROJECT_ATTR=hamcrest_vs_assertj
entry: org.eclipse.jdt.launching.SOURCE_PATH_PROVIDER=org.eclipse.m2e.launchconfig.sourcepathProvider
entry: org.eclipse.jdt.launching.VM_ARGUMENTS=
2015-06-16 16:53:47.647 [Worker-8] DEBUG RebelArgsFixingLaunchListener - ILaunchConfiguration parameters for CustomMatcherExample.testMovie_Hamcrest
2015-06-16 16:53:47.647 [Worker-8] DEBUG RebelArgsFixingLaunchListener - 
entry: org.eclipse.debug.core.MAPPED_RESOURCE_PATHS=[/hamcrest_vs_assertj/src/test/java/ch/rwi/hamcrest_vs_assertj/CustomMatcherExample.java]
entry: org.eclipse.debug.core.MAPPED_RESOURCE_TYPES=[1]
entry: org.eclipse.jdt.junit.CONTAINER=
entry: org.eclipse.jdt.junit.KEEPRUNNING_ATTR=false
entry: org.eclipse.jdt.junit.TESTNAME=testMovie_Hamcrest
entry: org.eclipse.jdt.junit.TEST_KIND=org.eclipse.jdt.junit.loader.junit4
entry: org.eclipse.jdt.launching.CLASSPATH_PROVIDER=org.eclipse.m2e.launchconfig.classpathProvider
entry: org.eclipse.jdt.launching.MAIN_TYPE=ch.rwi.hamcrest_vs_assertj.CustomMatcherExample
entry: org.eclipse.jdt.launching.PROJECT_ATTR=hamcrest_vs_assertj
entry: org.eclipse.jdt.launching.SOURCE_PATH_PROVIDER=org.eclipse.m2e.launchconfig.sourcepathProvider
entry: org.eclipse.jdt.launching.VM_ARGUMENTS=
2015-06-16 17:05:18.202 [Worker-32] DEBUG RebelArgsFixingLaunchListener - ILaunchConfiguration parameters for CustomMatcherExample
2015-06-16 17:05:18.202 [Worker-32] DEBUG RebelArgsFixingLaunchListener - 
entry: org.eclipse.debug.core.MAPPED_RESOURCE_PATHS=[/hamcrest_vs_assertj/src/test/java/ch/rwi/hamcrest_vs_assertj/CustomMatcherExample.java]
entry: org.eclipse.debug.core.MAPPED_RESOURCE_TYPES=[1]
entry: org.eclipse.jdt.junit.CONTAINER=
entry: org.eclipse.jdt.junit.KEEPRUNNING_ATTR=false
entry: org.eclipse.jdt.junit.TEST_KIND=org.eclipse.jdt.junit.loader.junit4
entry: org.eclipse.jdt.launching.CLASSPATH_PROVIDER=org.eclipse.m2e.launchconfig.classpathProvider
entry: org.eclipse.jdt.launching.MAIN_TYPE=ch.rwi.hamcrest_vs_assertj.CustomMatcherExample
entry: org.eclipse.jdt.launching.PROJECT_ATTR=hamcrest_vs_assertj
entry: org.eclipse.jdt.launching.SOURCE_PATH_PROVIDER=org.eclipse.m2e.launchconfig.sourcepathProvider
entry: org.eclipse.jdt.launching.VM_ARGUMENTS=
2015-06-16 17:06:07.055 [Worker-38] DEBUG RebelArgsFixingLaunchListener - ILaunchConfiguration parameters for Rerun ch.rwi.hamcrest_vs_assertj.CustomMatcherExample
2015-06-16 17:06:07.055 [Worker-38] DEBUG RebelArgsFixingLaunchListener - 
entry: org.eclipse.debug.core.MAPPED_RESOURCE_PATHS=[/hamcrest_vs_assertj/src/test/java/ch/rwi/hamcrest_vs_assertj/CustomMatcherExample.java]
entry: org.eclipse.debug.core.MAPPED_RESOURCE_TYPES=[1]
entry: org.eclipse.jdt.junit.CONTAINER=
entry: org.eclipse.jdt.junit.KEEPRUNNING_ATTR=false
entry: org.eclipse.jdt.junit.TEST_KIND=org.eclipse.jdt.junit.loader.junit4
entry: org.eclipse.jdt.launching.CLASSPATH_PROVIDER=org.eclipse.m2e.launchconfig.classpathProvider
entry: org.eclipse.jdt.launching.MAIN_TYPE=ch.rwi.hamcrest_vs_assertj.CustomMatcherExample
entry: org.eclipse.jdt.launching.PROJECT_ATTR=hamcrest_vs_assertj
entry: org.eclipse.jdt.launching.SOURCE_PATH_PROVIDER=org.eclipse.m2e.launchconfig.sourcepathProvider
entry: org.eclipse.jdt.launching.VM_ARGUMENTS=
2015-06-16 17:06:14.296 [Worker-8] DEBUG RebelArgsFixingLaunchListener - ILaunchConfiguration parameters for Rerun ch.rwi.hamcrest_vs_assertj.CustomMatcherExample
2015-06-16 17:06:14.296 [Worker-8] DEBUG RebelArgsFixingLaunchListener - 
entry: org.eclipse.debug.core.MAPPED_RESOURCE_PATHS=[/hamcrest_vs_assertj/src/test/java/ch/rwi/hamcrest_vs_assertj/CustomMatcherExample.java]
entry: org.eclipse.debug.core.MAPPED_RESOURCE_TYPES=[1]
entry: org.eclipse.jdt.junit.CONTAINER=
entry: org.eclipse.jdt.junit.KEEPRUNNING_ATTR=false
entry: org.eclipse.jdt.junit.TEST_KIND=org.eclipse.jdt.junit.loader.junit4
entry: org.eclipse.jdt.launching.CLASSPATH_PROVIDER=org.eclipse.m2e.launchconfig.classpathProvider
entry: org.eclipse.jdt.launching.MAIN_TYPE=ch.rwi.hamcrest_vs_assertj.CustomMatcherExample
entry: org.eclipse.jdt.launching.PROJECT_ATTR=hamcrest_vs_assertj
entry: org.eclipse.jdt.launching.SOURCE_PATH_PROVIDER=org.eclipse.m2e.launchconfig.sourcepathProvider
entry: org.eclipse.jdt.launching.VM_ARGUMENTS=
